<?xml version="1.0" encoding="UTF-8"?><testsuite errors="0" failures="2" name="Buscar informacion en servicio" skipped="0" tests="2" time="7.74" timestamp="2020-02-05 12:17:22"><testcase name="Recuperar informacion servicio"><failure message="1 expectation failed.&#10;Expected status code &lt;400&gt; but was &lt;200&gt;.&#10;" type="java.lang.AssertionError">1 expectation failed.
Expected status code &lt;400&gt; but was &lt;200&gt;.
</failure><system-err>1 expectation failed.
Expected status code &lt;400&gt; but was &lt;200&gt;.
&#13;
stepdefinitions.StepDefinitionsApi.validoTituloEpisodio(StepDefinitionsApi.java:34)&#13;
✽.valido "A New Hope" y el 4(src/test/resources/feature/HU001_Api.feature:5)&#13;
</system-err></testcase></testsuite>