<?xml version="1.0" encoding="UTF-8"?><testsuite errors="0" failures="1" name="Como usuario quiero registrarme, inisiar sesion, cerrar seci�n" skipped="0" tests="2" time="52.65" timestamp="2020-02-04 04:18:11"><testcase name="iniciar sesion"/><testcase name="Agregar Producto"><failure message="Expected enabled element was not enabled" type="net.thucydides.core.webdriver.exceptions.ElementShouldBeEnabledException">Expected enabled element was not enabled</failure><system-err>Expected enabled element was not enabled&#13;
com.sophossolutions.www.task.BuscarProducto.performAs(BuscarProducto.java:22)&#13;
com.sophossolutions.www.stepdefinitions.StepDefinitionsDafiti.anexoProducto(StepDefinitionsDafiti.java:59)&#13;
cucumber.runner.Runner.runPickle(Runner.java:80)&#13;
org.eclipse.jdt.internal.junit4.runner.JUnit4TestReference.run(JUnit4TestReference.java:89)&#13;
org.eclipse.jdt.internal.junit.runner.TestExecution.run(TestExecution.java:41)&#13;
org.eclipse.jdt.internal.junit.runner.RemoteTestRunner.runTests(RemoteTestRunner.java:541)&#13;
org.eclipse.jdt.internal.junit.runner.RemoteTestRunner.runTests(RemoteTestRunner.java:763)&#13;
org.eclipse.jdt.internal.junit.runner.RemoteTestRunner.run(RemoteTestRunner.java:463)&#13;
org.eclipse.jdt.internal.junit.runner.RemoteTestRunner.main(RemoteTestRunner.java:209)&#13;
</system-err></testcase></testsuite>